2016-01-20 23:00：购买失败！Buy ARK Survival Evolved，购买账户为tbcn009，账户余额为，发送邮箱为slickdeal@qq.com
2016-01-20 23:16：购买失败！Buy Company of Heroes 2，购买账户为tbcn009，账户余额为，发送邮箱为slickdeal@qq.com
2016-01-20 23:27：购买失败！Buy Company of Heroes 2，购买账户为tbcn009，账户余额为，发送邮箱为slickdeal@qq.com
2016-01-21 16:37：购买失败！Buy Company of Heroes 2，购买账户为tbcn009，账户余额为，发送邮箱为slickdeal@qq.com
2016-01-21 16:44：购买失败！Buy Company of Heroes 2，购买账户为tbcn009，账户余额为，发送邮箱为slickdeal@qq.com
2016-01-21 17:12：购买失败！Buy Company of Heroes 2，购买账户为tbcn009，账户余额为，发送邮箱为slickdeal@qq.com
2016-01-21 17:12：购买失败！Buy Company of Heroes 2，购买账户为tbcn003，账户余额为，发送邮箱为slickdeal@qq.com
2016-01-21 17:12：购买失败！Buy Company of Heroes 2，购买账户为tbcn004，账户余额为，发送邮箱为slickdeal@qq.com
2016-01-21 17:14：购买失败！Buy Company of Heroes 2，购买账户为tbcn005，账户余额为null，发送邮箱为slickdeal@qq.com
2016-01-21 17:20：购买失败！Buy Company of Heroes 2，购买账户为tbcn009，账户余额为，发送邮箱为slickdeal@qq.com
2016-01-21 17:22：购买失败！Buy Company of Heroes 2，购买账户为tbcn009，账户余额为，发送邮箱为slickdeal@qq.com
2016-01-21 17:25：购买失败！Buy Company of Heroes 2，购买账户为tbcn009，账户余额为，发送邮箱为slickdeal@qq.com
2016-01-21 17:26：购买失败！Buy Company of Heroes 2，购买账户为tbcn009，账户余额为，发送邮箱为slickdeal@qq.com
2016-01-21 17:30：购买失败！Buy Company of Heroes 2，购买账户为tbcn009，账户余额为，发送邮箱为slickdeal@qq.com
2016-01-21 17:31：购买失败！Buy Company of Heroes 2，购买账户为tbcn009，账户余额为，发送邮箱为slickdeal@qq.com
2016-01-21 17:33：购买失败！Buy Company of Heroes 2，购买账户为tbcn009，账户余额为，发送邮箱为slickdeal@qq.com
2016-01-21 17:36：购买失败！Buy Company of Heroes 2，购买账户为tbcn009，账户余额为，发送邮箱为slickdeal@qq.com
2016-01-21 17:36：购买失败！Buy Company of Heroes 2，购买账户为tbcn003，账户余额为，发送邮箱为slickdeal@qq.com
2016-01-21 17:36：购买失败！Buy Company of Heroes 2，购买账户为tbcn004，账户余额为，发送邮箱为slickdeal@qq.com
2016-01-22 11:29：购买失败！Buy Company of Heroes 2，购买账户为tbcn009，账户余额为，发送邮箱为slickdeal@qq.com
2016-01-22 11:30：购买失败！Buy Company of Heroes 2，购买账户为tbcn003，账户余额为，发送邮箱为slickdeal@qq.com
2016-01-22 11:31：购买失败！Buy Defy Gravity Extended，购买账户为tbcn004，账户余额为，发送邮箱为slickdeal@qq.com
2016-01-22 11:33：购买失败！Buy Life Is Strange Episode 1，购买账户为tbcn009，账户余额为，发送邮箱为slickdeal@qq.com
2016-01-22 11:35：购买失败！Buy Life Is Strange Episode 1，购买账户为tbcn009，账户余额为，发送邮箱为slickdeal@qq.com
2016-01-22 16:49：购买失败！Buy Life Is Strange Episode 1，购买账户为tbcn009，账户余额为，发送邮箱为slickdeal@qq.com
2016-01-22 16:52：购买失败！Buy Life Is Strange Episode 1，购买账户为tbcn009，账户余额为，发送邮箱为slickdeal@qq.com
2016-01-22 16:52：购买失败！Buy Company of Heroes 2，购买账户为tbcn003，账户余额为，发送邮箱为slickdeal@qq.com
2016-01-22 17:18：购买失败！Buy ARK Survival Evolved，购买账户为tbcn009，账户余额为，发送邮箱为slickdeal@qq.com
2016-01-22 17:26：购买失败！Buy Company of Heroes 2，购买账户为tbcn009，账户余额为，发送邮箱为slickdeal@qq.com
2016-01-22 19:43：购买成功！Rise of the Tomb Raider - Standard Edition，购买账户为ffggvv94，购买后余额为76.04004，发送邮箱为slickdeal@qq.com
2016-01-22 20:29：购买失败！Rise of the Tomb Raider - Standard Edition，购买账户为ffggvv94，账户余额为76,04 pуб.，发送邮箱为slickdeal@qq.com
2016-01-22 20:38：购买失败！Rise of the Tomb Raider - Standard Edition，购买账户为ffggvv94，账户余额为76,04 pуб.，发送邮箱为slickdeal@qq.com
2016-01-22 20:41：购买失败！Rise of the Tomb Raider - Standard Edition，购买账户为ffggvv94，账户余额为76,04 pуб.，发送邮箱为slickdeal@qq.com
2016-01-22 20:44：购买失败！Rise of the Tomb Raider - Standard Edition，购买账户为ffggvv94，账户余额为76,04 pуб.，发送邮箱为slickdeal@qq.com
2016-01-22 20:46：购买失败！Rise of the Tomb Raider - Standard Edition，购买账户为ffggvv94，账户余额为76,04 pуб.，发送邮箱为slickdeal@qq.com
2016-01-22 20:49：购买失败！Rise of the Tomb Raider - Standard Edition，购买账户为ffggvv94，账户余额为76,04 pуб.，发送邮箱为slickdeal@qq.com
2016-01-22 21:39：购买失败！Rise of the Tomb Raider - Standard Edition，购买账户为ffggvv94，账户余额为76,04 pуб.，发送邮箱为slickdeal@qq.com
2016-01-22 21:42：购买失败！Rise of the Tomb Raider - Standard Edition，购买账户为ffggvv94，账户余额为76,04 pуб.，发送邮箱为slickdeal@qq.com
2016-01-22 21:45：购买失败！Buy Life Is Strange Episode 1，购买账户为tbcn009，账户余额为? 6.15，发送邮箱为slickdeal@qq.com
2016-01-22 21:45：购买失败！Buy Company of Heroes 2，购买账户为tbcn003，账户余额为? 0.21，发送邮箱为slickdeal@qq.com
2016-01-22 22:09：购买失败！Buy Life Is Strange Episode 1，购买账户为tbcn009，账户余额为? 6.15，发送邮箱为slickdeal@qq.com
2016-01-22 22:09：购买失败！Buy Company of Heroes 2，购买账户为tbcn003，账户余额为? 0.21，发送邮箱为slickdeal@qq.com
2016-01-22 22:16：购买失败！Buy Life Is Strange Episode 1，购买账户为tbcn009，账户余额为? 6.15，发送邮箱为slickdeal@qq.com
2016-01-22 22:35：购买失败！Buy Life Is Strange Episode 1，购买账户为tbcn009，账户余额为? 6.15，发送邮箱为slickdeal@qq.com
2016-01-22 22:37：购买失败！Buy Life Is Strange Episode 1，购买账户为tbcn009，账户余额为? 6.15，发送邮箱为slickdeal@qq.com
2016-01-22 22:39：购买失败！Buy Life Is Strange Episode 1，购买账户为tbcn009，账户余额为? 6.15，发送邮箱为slickdeal@qq.com
2016-01-22 22:39：购买失败！Buy Life Is Strange Episode 1，购买账户为tbcn003，账户余额为? 0.21，发送邮箱为slickdeal@qq.com
2016-01-22 22:39：购买失败！Buy Life Is Strange Episode 1，购买账户为tbcn004，账户余额为? 0.21，发送邮箱为slickdeal@qq.com
2016-01-22 22:41：购买失败！Buy Life Is Strange Episode 1，购买账户为tbcn009，账户余额为? 6.15，发送邮箱为slickdeal@qq.com
2016-01-22 22:42：购买失败！Buy Life Is Strange Episode 1，购买账户为tbcn003，账户余额为? 0.21，发送邮箱为slickdeal@qq.com
2016-01-22 22:42：购买失败！Buy Life Is Strange Episode 1，购买账户为tbcn004，账户余额为? 0.21，发送邮箱为slickdeal@qq.com
2016-01-22 22:52：购买失败！Buy Life Is Strange Episode 1，购买账户为tbcn009，账户余额为? 6.15，发送邮箱为slickdeal@qq.com
2016-01-22 22:53：购买失败！Buy Life Is Strange Episode 1，购买账户为tbcn003，账户余额为? 0.21，发送邮箱为slickdeal@qq.com
2016-01-22 22:53：购买失败！Buy Life Is Strange Episode 1，购买账户为tbcn004，账户余额为? 0.21，发送邮箱为slickdeal@qq.com
